0 info it worked if it ends with ok
1 verbose cli [ '/usr/local/bin/node', '/usr/local/bin/npm', 'publish' ]
2 info using npm@2.15.1
3 info using node@v4.4.4
4 verbose publish [ '.' ]
5 silly cache add args [ '.', null ]
6 verbose cache add spec .
7 silly cache add parsed spec Result {
7 silly cache add   raw: '.',
7 silly cache add   scope: null,
7 silly cache add   name: null,
7 silly cache add   rawSpec: '.',
7 silly cache add   spec: '/Users/xuming/Documents/ytx-rest-api',
7 silly cache add   type: 'directory' }
8 verbose addLocalDirectory /Users/xuming/.npm/ytx-rest-api/1.1.5/package.tgz not in flight; packing
9 verbose correctMkdir /Users/xuming/.npm correctMkdir not in flight; initializing
10 verbose tar pack [ '/Users/xuming/.npm/ytx-rest-api/1.1.5/package.tgz',
10 verbose tar pack   '/Users/xuming/Documents/ytx-rest-api' ]
11 verbose tarball /Users/xuming/.npm/ytx-rest-api/1.1.5/package.tgz
12 verbose folder /Users/xuming/Documents/ytx-rest-api
13 info prepublish ytx-rest-api@1.1.5
14 verbose addLocalTarball adding from inside cache /Users/xuming/.npm/ytx-rest-api/1.1.5/package.tgz
15 verbose correctMkdir /Users/xuming/.npm correctMkdir not in flight; initializing
16 silly cache afterAdd ytx-rest-api@1.1.5
17 verbose afterAdd /Users/xuming/.npm/ytx-rest-api/1.1.5/package/package.json not in flight; writing
18 verbose correctMkdir /Users/xuming/.npm correctMkdir not in flight; initializing
19 verbose afterAdd /Users/xuming/.npm/ytx-rest-api/1.1.5/package/package.json written
20 silly publish { name: 'ytx-rest-api',
20 silly publish   version: '1.1.5',
20 silly publish   description: '容联云通信RestAPI nodejs版',
20 silly publish   keywords: [ '容联', '云通信', 'yuntx', 'ytx' ],
20 silly publish   license: 'MIT',
20 silly publish   repository:
20 silly publish    { type: 'git',
20 silly publish      url: 'git+https://github.com/xuming314/ytx-rest-api.git' },
20 silly publish   author: { name: 'Xu Ming' },
20 silly publish   main: 'src/index.js',
20 silly publish   devDependencies: { should: '^8.4.0' },
20 silly publish   dependencies:
20 silly publish    { 'base-64': '^0.1.0',
20 silly publish      'es6-promise': '^3.2.1',
20 silly publish      'isomorphic-fetch': '^2.2.1',
20 silly publish      md5: '^2.1.0',
20 silly publish      moment: '^2.13.0',
20 silly publish      stringformat: '0.0.5' },
20 silly publish   readme: '# Install\n`npm install ytx-rest-api --save`\n\n# Example\n```javascript\nvar ytx=require("ytx-rest-api");\n//\nvar appId=\'aaf98f895453453454b8a7e41c54\';\nvar accountSid=\'aaf98f895495435345454a8adf5711c23\';\nvar authToken=\'b504d0a235345435386249c0566\';\nytx.init(appId, accountSid, authToken);\n//\nytx.api(\'GetSubAccounts\', {startNo:0, offset:10}, function(err, result) {\n    //……\n});\nytx.api(\'Calls/VoiceVerify\', {to:\'13817353235\', verifyCode:\'1234\'}, function(err, result) {\n    //……\n});',
20 silly publish   readmeFilename: 'readme.md',
20 silly publish   gitHead: '93f15ace4164083326eb1d9c81d91fa4fb6ba12e',
20 silly publish   bugs: { url: 'https://github.com/xuming314/ytx-rest-api/issues' },
20 silly publish   homepage: 'https://github.com/xuming314/ytx-rest-api#readme',
20 silly publish   _id: 'ytx-rest-api@1.1.5',
20 silly publish   scripts: {},
20 silly publish   _shasum: '80ab75e1c9ff338be248b717e8bb43881a5a15db',
20 silly publish   _from: '.' }
21 verbose getPublishConfig undefined
22 silly mapToRegistry name ytx-rest-api
23 silly mapToRegistry using default registry
24 silly mapToRegistry registry https://registry.npmjs.org/
25 silly mapToRegistry data Result {
25 silly mapToRegistry   raw: 'ytx-rest-api',
25 silly mapToRegistry   scope: null,
25 silly mapToRegistry   name: 'ytx-rest-api',
25 silly mapToRegistry   rawSpec: '',
25 silly mapToRegistry   spec: 'latest',
25 silly mapToRegistry   type: 'tag' }
26 silly mapToRegistry uri https://registry.npmjs.org/ytx-rest-api
27 verbose publish registryBase https://registry.npmjs.org/
28 silly publish uploading /Users/xuming/.npm/ytx-rest-api/1.1.5/package.tgz
29 verbose request uri https://registry.npmjs.org/ytx-rest-api
30 verbose request sending authorization for write operation
31 info attempt registry request try #1 at 17:25:54
32 verbose request using bearer token for auth
33 verbose request id 9d67bf1db1cf2746
34 http request PUT https://registry.npmjs.org/ytx-rest-api
35 http 403 https://registry.npmjs.org/ytx-rest-api
36 verbose headers { 'content-type': 'application/json',
36 verbose headers   'cache-control': 'max-age=300',
36 verbose headers   'content-length': '95',
36 verbose headers   'accept-ranges': 'bytes',
36 verbose headers   date: 'Mon, 06 Jun 2016 09:25:51 GMT',
36 verbose headers   via: '1.1 varnish',
36 verbose headers   connection: 'keep-alive',
36 verbose headers   'x-served-by': 'cache-lhr6346-LHR',
36 verbose headers   'x-cache': 'MISS',
36 verbose headers   'x-cache-hits': '0',
36 verbose headers   'x-timer': 'S1465205151.047115,VS0,VE924',
36 verbose headers   vary: 'Accept-Encoding' }
37 verbose request invalidating /Users/xuming/.npm/registry.npmjs.org/ytx-rest-api on PUT
38 error publish Failed PUT 403
39 verbose stack Error: "You cannot publish over the previously published version 1.1.5." : ytx-rest-api
39 verbose stack     at makeError (/usr/local/lib/node_modules/npm/node_modules/npm-registry-client/lib/request.js:264:12)
39 verbose stack     at CachingRegistryClient.<anonymous> (/usr/local/lib/node_modules/npm/node_modules/npm-registry-client/lib/request.js:252:14)
39 verbose stack     at Request._callback (/usr/local/lib/node_modules/npm/node_modules/npm-registry-client/lib/request.js:172:14)
39 verbose stack     at Request.self.callback (/usr/local/lib/node_modules/npm/node_modules/request/request.js:199:22)
39 verbose stack     at emitTwo (events.js:87:13)
39 verbose stack     at Request.emit (events.js:172:7)
39 verbose stack     at Request.<anonymous> (/usr/local/lib/node_modules/npm/node_modules/request/request.js:1036:10)
39 verbose stack     at emitOne (events.js:82:20)
39 verbose stack     at Request.emit (events.js:169:7)
39 verbose stack     at IncomingMessage.<anonymous> (/usr/local/lib/node_modules/npm/node_modules/request/request.js:963:12)
40 verbose statusCode 403
41 verbose pkgid ytx-rest-api
42 verbose cwd /Users/xuming/Documents/ytx-rest-api
43 error Darwin 15.4.0
44 error argv "/usr/local/bin/node" "/usr/local/bin/npm" "publish"
45 error node v4.4.4
46 error npm  v2.15.1
47 error code E403
48 error "You cannot publish over the previously published version 1.1.5." : ytx-rest-api
49 error If you need help, you may report this error at:
49 error     <https://github.com/npm/npm/issues>
50 verbose exit [ 1, true ]
